0 info it worked if it ends with ok
1 verbose cli [ '/usr/local/bin/node',
1 verbose cli   '/usr/local/bin/npm',
1 verbose cli   'run',
1 verbose cli   'localTest' ]
2 info using npm@3.10.10
3 info using node@v6.11.3
4 verbose run-script [ 'prelocalTest', 'localTest', 'postlocalTest' ]
5 info lifecycle trust1connector@1.8.1~prelocalTest: trust1connector@1.8.1
6 silly lifecycle trust1connector@1.8.1~prelocalTest: no script for prelocalTest, continuing
7 info lifecycle trust1connector@1.8.1~localTest: trust1connector@1.8.1
8 verbose lifecycle trust1connector@1.8.1~localTest: unsafe-perm in lifecycle true
9 verbose lifecycle trust1connector@1.8.1~localTest: PATH: /usr/local/lib/node_modules/npm/bin/node-gyp-bin:/Users/maarten/dev/repos/t1c-lib-js/node_modules/.bin:/Users/maarten/google-cloud-sdk/bin:/usr/local/bin:/usr/bin:/bin:/usr/sbin:/sbin
10 verbose lifecycle trust1connector@1.8.1~localTest: CWD: /Users/maarten/dev/repos/t1c-lib-js
11 silly lifecycle trust1connector@1.8.1~localTest: Args: [ '-c',
11 silly lifecycle   'typings install && ./node_modules/karma-cli/bin/karma start --single-run' ]
12 silly lifecycle trust1connector@1.8.1~localTest: Returned: code: 1  signal: null
13 info lifecycle trust1connector@1.8.1~localTest: Failed to exec localTest script
14 verbose stack Error: trust1connector@1.8.1 localTest: `typings install && ./node_modules/karma-cli/bin/karma start --single-run`
14 verbose stack Exit status 1
14 verbose stack     at EventEmitter.<anonymous> (/usr/local/lib/node_modules/npm/lib/utils/lifecycle.js:255:16)
14 verbose stack     at emitTwo (events.js:106:13)
14 verbose stack     at EventEmitter.emit (events.js:191:7)
14 verbose stack     at ChildProcess.<anonymous> (/usr/local/lib/node_modules/npm/lib/utils/spawn.js:40:14)
14 verbose stack     at emitTwo (events.js:106:13)
14 verbose stack     at ChildProcess.emit (events.js:191:7)
14 verbose stack     at maybeClose (internal/child_process.js:920:16)
14 verbose stack     at Process.ChildProcess._handle.onexit (internal/child_process.js:230:5)
15 verbose pkgid trust1connector@1.8.1
16 verbose cwd /Users/maarten/dev/repos/t1c-lib-js
17 error Darwin 17.2.0
18 error argv "/usr/local/bin/node" "/usr/local/bin/npm" "run" "localTest"
19 error node v6.11.3
20 error npm  v3.10.10
21 error code ELIFECYCLE
22 error trust1connector@1.8.1 localTest: `typings install && ./node_modules/karma-cli/bin/karma start --single-run`
22 error Exit status 1
23 error Failed at the trust1connector@1.8.1 localTest script 'typings install && ./node_modules/karma-cli/bin/karma start --single-run'.
23 error Make sure you have the latest version of node.js and npm installed.
23 error If you do, this is most likely a problem with the trust1connector package,
23 error not with npm itself.
23 error Tell the author that this fails on your system:
23 error     typings install && ./node_modules/karma-cli/bin/karma start --single-run
23 error You can get information on how to open an issue for this project with:
23 error     npm bugs trust1connector
23 error Or if that isn't available, you can get their info via:
23 error     npm owner ls trust1connector
23 error There is likely additional logging output above.
24 verbose exit [ 1, true ]
